2023-Apr-26 23:12:48 [main] INFO  c.s.m.MajorprojectApplication                      - Starting MajorprojectApplication using Java 19.0.2 on DESKTOP-MA800MU with PID 22344 (C:\Users\AYUSH AGARWAL\Downloads\majorproject\majorproject\target\classes started by AYUSH AGARWAL in C:\Users\AYUSH AGARWAL\Downloads\majorproject\majorproject)
2023-Apr-26 23:12:48 [main] INFO  c.s.m.MajorprojectApplication                      - No active profile set, falling back to 1 default profile: "default"
2023-Apr-26 23:12:49 [main] INFO  o.s.d.r.c.RepositoryConfigurationDelegate          - Bootstrapping Spring Data JPA repositories in DEFAULT mode.
2023-Apr-26 23:12:49 [main] INFO  o.s.d.r.c.RepositoryConfigurationDelegate          - Finished Spring Data repository scanning in 84 ms. Found 5 JPA repository interfaces.
2023-Apr-26 23:12:50 [main] INFO  o.s.b.w.e.t.TomcatWebServer                        - Tomcat initialized with port(s): 8080 (http)
2023-Apr-26 23:12:50 [main] INFO  o.a.c.h.Http11NioProtocol                          - Initializing ProtocolHandler ["http-nio-8080"]
2023-Apr-26 23:12:50 [main] INFO  o.a.c.c.StandardService                            - Starting service [Tomcat]
2023-Apr-26 23:12:50 [main] INFO  o.a.c.c.StandardEngine                             - Starting Servlet engine: [Apache Tomcat/9.0.71]
2023-Apr-26 23:12:50 [main] INFO  o.a.c.c.C.[.[.[/]                                  - Initializing Spring embedded WebApplicationContext
2023-Apr-26 23:12:50 [main] INFO  o.s.b.w.s.c.ServletWebServerApplicationContext     - Root WebApplicationContext: initialization completed in 1922 ms
2023-Apr-26 23:12:51 [main] INFO  o.h.j.i.u.LogHelper                                - HHH000204: Processing PersistenceUnitInfo [name: default]
2023-Apr-26 23:12:51 [main] INFO  o.h.Version                                        - HHH000412: Hibernate ORM core version 5.6.14.Final
2023-Apr-26 23:12:51 [main] INFO  o.h.a.c.Version                                    - HCANN000001: Hibernate Commons Annotations {5.1.2.Final}
2023-Apr-26 23:12:51 [main] INFO  c.z.h.HikariDataSource                             - HikariPool-1 - Starting...
2023-Apr-26 23:12:52 [main] INFO  c.z.h.HikariDataSource                             - HikariPool-1 - Start completed.
2023-Apr-26 23:12:52 [main] INFO  o.h.d.Dialect                                      - HHH000400: Using dialect: org.hibernate.dialect.MySQL8Dialect
2023-Apr-26 23:12:53 [main] INFO  o.h.e.t.j.p.i.JtaPlatformInitiator                 - HHH000490: Using JtaPlatform implementation: [org.hibernate.engine.transaction.jta.platform.internal.NoJtaPlatform]
2023-Apr-26 23:12:53 [main] INFO  o.s.o.j.LocalContainerEntityManagerFactoryBean     - Initialized JPA EntityManagerFactory for persistence unit 'default'
2023-Apr-26 23:12:53 [main] WARN  o.s.b.a.o.j.JpaBaseConfiguration$JpaWebConfiguration - spring.jpa.open-in-view is enabled by default. Therefore, database queries may be performed during view rendering. Explicitly configure spring.jpa.open-in-view to disable this warning
2023-Apr-26 23:12:54 [main] INFO  o.s.s.w.DefaultSecurityFilterChain                 - Will secure any request with [org.springframework.security.web.session.DisableEncodeUrlFilter@5519ef7d, org.springframework.security.web.context.request.async.WebAsyncManagerIntegrationFilter@4c5c0306, org.springframework.security.web.context.SecurityContextPersistenceFilter@3ecbfba1, org.springframework.security.web.header.HeaderWriterFilter@4a3404fa, org.springframework.security.web.authentication.logout.LogoutFilter@59cb10e0, com.speproject.majorproject.filter.JwtFilter@ab94a32, org.springframework.security.web.savedrequest.RequestCacheAwareFilter@1df2e767, org.springframework.security.web.servletapi.SecurityContextHolderAwareRequestFilter@2daf0cc9, org.springframework.security.web.authentication.AnonymousAuthenticationFilter@3677c508, org.springframework.security.web.session.SessionManagementFilter@1a99692, org.springframework.security.web.access.ExceptionTranslationFilter@2b441609, org.springframework.security.web.access.intercept.FilterSecurityInterceptor@647b3fd3]
2023-Apr-26 23:12:54 [main] INFO  o.a.c.h.Http11NioProtocol                          - Starting ProtocolHandler ["http-nio-8080"]
2023-Apr-26 23:12:54 [main] INFO  o.s.b.w.e.t.TomcatWebServer                        - Tomcat started on port(s): 8080 (http) with context path ''
2023-Apr-26 23:12:54 [main] INFO  c.s.m.MajorprojectApplication                      - Started MajorprojectApplication in 6.14 seconds (JVM running for 7.447)
2023-Apr-26 23:12:54 [main] INFO  c.s.m.MajorprojectApplication                      - Info log
2023-Apr-26 23:12:54 [main] WARN  c.s.m.MajorprojectApplication                      - Warn log
2023-Apr-26 23:12:54 [main] ERROR c.s.m.MajorprojectApplication                      - Error log
2023-Apr-26 23:12:54 [main] FATAL c.s.m.MajorprojectApplication                      - Fatal log
2023-Apr-26 23:15:09 [SpringApplicationShutdownHook] INFO  o.s.o.j.LocalContainerEntityManagerFactoryBean     - Closing JPA EntityManagerFactory for persistence unit 'default'
2023-Apr-26 23:15:09 [SpringApplicationShutdownHook] INFO  c.z.h.HikariDataSource                             - HikariPool-1 - Shutdown initiated...
2023-Apr-26 23:15:09 [SpringApplicationShutdownHook] INFO  c.z.h.HikariDataSource                             - HikariPool-1 - Shutdown completed.
2023-Apr-26 23:15:16 [main] INFO  c.s.m.MajorprojectApplication                      - Starting MajorprojectApplication using Java 19.0.2 on DESKTOP-MA800MU with PID 20928 (C:\Users\AYUSH AGARWAL\Downloads\majorproject\majorproject\target\classes started by AYUSH AGARWAL in C:\Users\AYUSH AGARWAL\Downloads\majorproject\majorproject)
2023-Apr-26 23:15:16 [main] INFO  c.s.m.MajorprojectApplication                      - No active profile set, falling back to 1 default profile: "default"
2023-Apr-26 23:15:16 [main] INFO  o.s.d.r.c.RepositoryConfigurationDelegate          - Bootstrapping Spring Data JPA repositories in DEFAULT mode.
2023-Apr-26 23:15:16 [main] INFO  o.s.d.r.c.RepositoryConfigurationDelegate          - Finished Spring Data repository scanning in 70 ms. Found 5 JPA repository interfaces.
2023-Apr-26 23:15:17 [main] INFO  o.s.b.w.e.t.TomcatWebServer                        - Tomcat initialized with port(s): 8080 (http)
2023-Apr-26 23:15:17 [main] INFO  o.a.c.h.Http11NioProtocol                          - Initializing ProtocolHandler ["http-nio-8080"]
2023-Apr-26 23:15:17 [main] INFO  o.a.c.c.StandardService                            - Starting service [Tomcat]
2023-Apr-26 23:15:17 [main] INFO  o.a.c.c.StandardEngine                             - Starting Servlet engine: [Apache Tomcat/9.0.71]
2023-Apr-26 23:15:17 [main] INFO  o.a.c.c.C.[.[.[/]                                  - Initializing Spring embedded WebApplicationContext
2023-Apr-26 23:15:17 [main] INFO  o.s.b.w.s.c.ServletWebServerApplicationContext     - Root WebApplicationContext: initialization completed in 1508 ms
2023-Apr-26 23:15:17 [main] INFO  o.h.j.i.u.LogHelper                                - HHH000204: Processing PersistenceUnitInfo [name: default]
2023-Apr-26 23:15:17 [main] INFO  o.h.Version                                        - HHH000412: Hibernate ORM core version 5.6.14.Final
2023-Apr-26 23:15:18 [main] INFO  o.h.a.c.Version                                    - HCANN000001: Hibernate Commons Annotations {5.1.2.Final}
2023-Apr-26 23:15:18 [main] INFO  c.z.h.HikariDataSource                             - HikariPool-1 - Starting...
2023-Apr-26 23:15:18 [main] INFO  c.z.h.HikariDataSource                             - HikariPool-1 - Start completed.
2023-Apr-26 23:15:18 [main] INFO  o.h.d.Dialect                                      - HHH000400: Using dialect: org.hibernate.dialect.MySQL8Dialect
2023-Apr-26 23:15:19 [main] INFO  o.h.e.t.j.p.i.JtaPlatformInitiator                 - HHH000490: Using JtaPlatform implementation: [org.hibernate.engine.transaction.jta.platform.internal.NoJtaPlatform]
2023-Apr-26 23:15:19 [main] INFO  o.s.o.j.LocalContainerEntityManagerFactoryBean     - Initialized JPA EntityManagerFactory for persistence unit 'default'
2023-Apr-26 23:15:19 [main] WARN  o.s.b.a.o.j.JpaBaseConfiguration$JpaWebConfiguration - spring.jpa.open-in-view is enabled by default. Therefore, database queries may be performed during view rendering. Explicitly configure spring.jpa.open-in-view to disable this warning
2023-Apr-26 23:15:20 [main] INFO  o.s.s.w.DefaultSecurityFilterChain                 - Will secure any request with [org.springframework.security.web.session.DisableEncodeUrlFilter@7388486e, org.springframework.security.web.context.request.async.WebAsyncManagerIntegrationFilter@7bdf8c92, org.springframework.security.web.context.SecurityContextPersistenceFilter@729c98, org.springframework.security.web.header.HeaderWriterFilter@5b78a946, org.springframework.security.web.authentication.logout.LogoutFilter@3d8e1fa6, com.speproject.majorproject.filter.JwtFilter@70273633, org.springframework.security.web.savedrequest.RequestCacheAwareFilter@2daf0cc9, org.springframework.security.web.servletapi.SecurityContextHolderAwareRequestFilter@3881b884, org.springframework.security.web.authentication.AnonymousAuthenticationFilter@7c0b792e, org.springframework.security.web.session.SessionManagementFilter@1df2e767, org.springframework.security.web.access.ExceptionTranslationFilter@2b5a04b0, org.springframework.security.web.access.intercept.FilterSecurityInterceptor@43255f91]
2023-Apr-26 23:15:20 [main] INFO  o.a.c.h.Http11NioProtocol                          - Starting ProtocolHandler ["http-nio-8080"]
2023-Apr-26 23:15:20 [main] INFO  o.s.b.w.e.t.TomcatWebServer                        - Tomcat started on port(s): 8080 (http) with context path ''
2023-Apr-26 23:15:20 [main] INFO  c.s.m.MajorprojectApplication                      - Started MajorprojectApplication in 5.087 seconds (JVM running for 6.298)
2023-Apr-26 23:15:20 [main] INFO  c.s.m.MajorprojectApplication                      - Info log
2023-Apr-26 23:15:20 [main] WARN  c.s.m.MajorprojectApplication                      - Warn log
2023-Apr-26 23:15:20 [main] ERROR c.s.m.MajorprojectApplication                      - Error log
2023-Apr-26 23:15:20 [main] FATAL c.s.m.MajorprojectApplication                      - Fatal log
2023-Apr-26 23:15:46 [http-nio-8080-exec-2] INFO  o.a.c.c.C.[.[.[/]                                  - Initializing Spring DispatcherServlet 'dispatcherServlet'
2023-Apr-26 23:15:46 [http-nio-8080-exec-2] INFO  o.s.w.s.DispatcherServlet                          - Initializing Servlet 'dispatcherServlet'
2023-Apr-26 23:15:46 [http-nio-8080-exec-2] INFO  o.s.w.s.DispatcherServlet                          - Completed initialization in 3 ms
2023-Apr-26 23:16:05 [http-nio-8080-exec-3] INFO  c.s.m.c.BookController                             - Getting all genres
2023-Apr-26 23:16:28 [http-nio-8080-exec-4] INFO  c.s.m.c.BookController                             - Getting books by genre: HORROR
2023-Apr-26 23:30:01 [http-nio-8080-exec-7] INFO  c.s.m.c.BookController                             - Getting books by genre: HORROR
2023-Apr-26 23:55:52 [SpringApplicationShutdownHook] INFO  o.s.o.j.LocalContainerEntityManagerFactoryBean     - Closing JPA EntityManagerFactory for persistence unit 'default'
2023-Apr-26 23:55:52 [SpringApplicationShutdownHook] INFO  c.z.h.HikariDataSource                             - HikariPool-1 - Shutdown initiated...
2023-Apr-26 23:55:52 [SpringApplicationShutdownHook] INFO  c.z.h.HikariDataSource                             - HikariPool-1 - Shutdown completed.
2023-Apr-26 23:56:02 [main] INFO  c.s.m.MajorprojectApplication                      - Starting MajorprojectApplication using Java 19.0.2 on DESKTOP-MA800MU with PID 13592 (C:\Users\AYUSH AGARWAL\Downloads\majorproject\majorproject\target\classes started by AYUSH AGARWAL in C:\Users\AYUSH AGARWAL\Downloads\majorproject\majorproject)
2023-Apr-26 23:56:02 [main] INFO  c.s.m.MajorprojectApplication                      - No active profile set, falling back to 1 default profile: "default"
2023-Apr-26 23:56:03 [main] INFO  o.s.d.r.c.RepositoryConfigurationDelegate          - Bootstrapping Spring Data JPA repositories in DEFAULT mode.
2023-Apr-26 23:56:03 [main] INFO  o.s.d.r.c.RepositoryConfigurationDelegate          - Finished Spring Data repository scanning in 80 ms. Found 5 JPA repository interfaces.
2023-Apr-26 23:56:03 [main] INFO  o.s.b.w.e.t.TomcatWebServer                        - Tomcat initialized with port(s): 8080 (http)
2023-Apr-26 23:56:03 [main] INFO  o.a.c.h.Http11NioProtocol                          - Initializing ProtocolHandler ["http-nio-8080"]
2023-Apr-26 23:56:03 [main] INFO  o.a.c.c.StandardService                            - Starting service [Tomcat]
2023-Apr-26 23:56:03 [main] INFO  o.a.c.c.StandardEngine                             - Starting Servlet engine: [Apache Tomcat/9.0.71]
2023-Apr-26 23:56:04 [main] INFO  o.a.c.c.C.[.[.[/]                                  - Initializing Spring embedded WebApplicationContext
2023-Apr-26 23:56:04 [main] INFO  o.s.b.w.s.c.ServletWebServerApplicationContext     - Root WebApplicationContext: initialization completed in 1874 ms
2023-Apr-26 23:56:04 [main] INFO  o.h.j.i.u.LogHelper                                - HHH000204: Processing PersistenceUnitInfo [name: default]
2023-Apr-26 23:56:04 [main] INFO  o.h.Version                                        - HHH000412: Hibernate ORM core version 5.6.14.Final
2023-Apr-26 23:56:04 [main] INFO  o.h.a.c.Version                                    - HCANN000001: Hibernate Commons Annotations {5.1.2.Final}
2023-Apr-26 23:56:04 [main] INFO  c.z.h.HikariDataSource                             - HikariPool-1 - Starting...
2023-Apr-26 23:56:05 [main] INFO  c.z.h.HikariDataSource                             - HikariPool-1 - Start completed.
2023-Apr-26 23:56:05 [main] INFO  o.h.d.Dialect                                      - HHH000400: Using dialect: org.hibernate.dialect.MySQL8Dialect
2023-Apr-26 23:56:06 [main] INFO  o.h.e.t.j.p.i.JtaPlatformInitiator                 - HHH000490: Using JtaPlatform implementation: [org.hibernate.engine.transaction.jta.platform.internal.NoJtaPlatform]
2023-Apr-26 23:56:06 [main] INFO  o.s.o.j.LocalContainerEntityManagerFactoryBean     - Initialized JPA EntityManagerFactory for persistence unit 'default'
2023-Apr-26 23:56:07 [main] WARN  o.s.b.a.o.j.JpaBaseConfiguration$JpaWebConfiguration - spring.jpa.open-in-view is enabled by default. Therefore, database queries may be performed during view rendering. Explicitly configure spring.jpa.open-in-view to disable this warning
2023-Apr-26 23:56:07 [main] INFO  o.s.s.w.DefaultSecurityFilterChain                 - Will secure any request with [org.springframework.security.web.session.DisableEncodeUrlFilter@3c29f6be, org.springframework.security.web.context.request.async.WebAsyncManagerIntegrationFilter@5519ef7d, org.springframework.security.web.context.SecurityContextPersistenceFilter@7a85454b, org.springframework.security.web.header.HeaderWriterFilter@22f7bf36, org.springframework.security.web.authentication.logout.LogoutFilter@30a5a58d, com.speproject.majorproject.filter.JwtFilter@458b4487, org.springframework.security.web.savedrequest.RequestCacheAwareFilter@739be7ec, org.springframework.security.web.servletapi.SecurityContextHolderAwareRequestFilter@a319a2e, org.springframework.security.web.authentication.AnonymousAuthenticationFilter@4c5c0306, org.springframework.security.web.session.SessionManagementFilter@5192b301, org.springframework.security.web.access.ExceptionTranslationFilter@4d071e4b, org.springframework.security.web.access.intercept.FilterSecurityInterceptor@1e366f0f]
2023-Apr-26 23:56:07 [main] INFO  o.a.c.h.Http11NioProtocol                          - Starting ProtocolHandler ["http-nio-8080"]
2023-Apr-26 23:56:08 [main] INFO  o.s.b.w.e.t.TomcatWebServer                        - Tomcat started on port(s): 8080 (http) with context path ''
2023-Apr-26 23:56:08 [main] INFO  c.s.m.MajorprojectApplication                      - Started MajorprojectApplication in 6.287 seconds (JVM running for 7.982)
2023-Apr-26 23:56:08 [main] INFO  c.s.m.MajorprojectApplication                      - Info log
2023-Apr-26 23:56:08 [main] WARN  c.s.m.MajorprojectApplication                      - Warn log
2023-Apr-26 23:56:08 [main] ERROR c.s.m.MajorprojectApplication                      - Error log
2023-Apr-26 23:56:08 [main] FATAL c.s.m.MajorprojectApplication                      - Fatal log
2023-Apr-26 23:56:26 [http-nio-8080-exec-2] INFO  o.a.c.c.C.[.[.[/]                                  - Initializing Spring DispatcherServlet 'dispatcherServlet'
2023-Apr-26 23:56:26 [http-nio-8080-exec-2] INFO  o.s.w.s.DispatcherServlet                          - Initializing Servlet 'dispatcherServlet'
2023-Apr-26 23:56:26 [http-nio-8080-exec-2] INFO  o.s.w.s.DispatcherServlet                          - Completed initialization in 6 ms
2023-Apr-26 23:56:26 [http-nio-8080-exec-2] WARN  c.s.m.f.JwtFilter                                  - JWT does not start with 'Bearer'
2023-Apr-26 23:56:27 [http-nio-8080-exec-2] INFO  c.s.m.s.s.UserServiceSecurityImpl                  - User with email isha@gmail.com is found
2023-Apr-26 23:56:27 [http-nio-8080-exec-2] INFO  c.s.m.c.JWTController                              - User authenticated successfully.
2023-Apr-26 23:56:27 [http-nio-8080-exec-2] INFO  c.s.m.s.s.UserServiceSecurityImpl                  - User with email isha@gmail.com is found
2023-Apr-26 23:58:12 [http-nio-8080-exec-7] WARN  c.s.m.f.JwtFilter                                  - JWT does not start with 'Bearer'
2023-Apr-26 23:58:36 [http-nio-8080-exec-6] WARN  c.s.m.f.JwtFilter                                  - JWT does not start with 'Bearer'
2023-Apr-26 23:58:44 [http-nio-8080-exec-5] INFO  c.s.m.s.s.UserServiceSecurityImpl                  - User with email isha@gmail.com is found
2023-Apr-26 23:58:44 [http-nio-8080-exec-5] INFO  c.s.m.c.BookController                             - Adding book: Book(bookId=null, title=Ayush, author=akash, genre=fictional, description=magic, price=400.5, availableForRent=true, availableForSale=true)
2023-Apr-26 23:58:44 [http-nio-8080-exec-5] INFO  c.s.m.s.s.BookServiceImpl                          - Adding book: Book(bookId=null, title=Ayush, author=akash, genre=fictional, description=magic, price=400.5, availableForRent=true, availableForSale=true)
2023-Apr-26 23:59:13 [http-nio-8080-exec-8] INFO  c.s.m.s.s.UserServiceSecurityImpl                  - User with email aakash@gmail.com is found
2023-Apr-26 23:59:13 [http-nio-8080-exec-8] INFO  c.s.m.c.BookController                             - Getting all genres
2023-Apr-26 23:59:13 [http-nio-8080-exec-8] INFO  c.s.m.s.s.BookServiceImpl                          - Getting all genres
2023-Apr-26 23:59:45 [http-nio-8080-exec-9] WARN  c.s.m.f.JwtFilter                                  - JWT does not start with 'Bearer'
2023-Apr-26 23:59:58 [http-nio-8080-exec-10] INFO  c.s.m.s.s.UserServiceSecurityImpl                  - User with email isha@gmail.com is found
2023-Apr-27 00:00:07 [http-nio-8080-exec-1] INFO  c.s.m.s.s.UserServiceSecurityImpl                  - User with email isha@gmail.com is found
2023-Apr-27 00:00:24 [http-nio-8080-exec-2] INFO  c.s.m.s.s.UserServiceSecurityImpl                  - User with email isha@gmail.com is found
2023-Apr-27 00:00:24 [http-nio-8080-exec-2] INFO  c.s.m.c.UserController                             - Registering user: User(userId=null, name=ayush, email=ayush@gmail.com, password=ayush, address=bangalore, phoneNumber=12345671234)
2023-Apr-27 00:00:24 [http-nio-8080-exec-2] INFO  c.s.m.s.s.UserServiceImpl                          - Adding user with id null
2023-Apr-27 00:00:44 [http-nio-8080-exec-3] INFO  c.s.m.s.s.UserServiceSecurityImpl                  - User with email isha@gmail.com is found
2023-Apr-27 00:00:44 [http-nio-8080-exec-3] INFO  c.s.m.c.UserController                             - Fetching all users
2023-Apr-27 00:00:44 [http-nio-8080-exec-3] INFO  c.s.m.s.s.UserServiceImpl                          - Fetching all users
2023-Apr-27 00:00:55 [http-nio-8080-exec-4] WARN  c.s.m.f.JwtFilter                                  - JWT does not start with 'Bearer'
2023-Apr-27 00:01:05 [http-nio-8080-exec-7] INFO  c.s.m.s.s.UserServiceSecurityImpl                  - User with email isha@gmail.com is found
2023-Apr-27 00:01:12 [http-nio-8080-exec-6] INFO  c.s.m.s.s.UserServiceSecurityImpl                  - User with email isha@gmail.com is found
2023-Apr-27 00:01:12 [http-nio-8080-exec-6] INFO  c.s.m.c.UserController                             - Logging in user with email: aakash@gmail.com
2023-Apr-27 00:01:12 [http-nio-8080-exec-6] INFO  c.s.m.s.s.UserServiceImpl                          - Logging in user with email aakash@gmail.com
2023-Apr-27 00:01:34 [http-nio-8080-exec-5] INFO  c.s.m.s.s.UserServiceSecurityImpl                  - User with email isha@gmail.com is found
2023-Apr-27 00:01:34 [http-nio-8080-exec-5] INFO  c.s.m.c.PurchaseController                         - Adding a new purchase.
2023-Apr-27 00:01:34 [http-nio-8080-exec-5] INFO  c.s.m.s.s.PurchaseServiceImpl                      - Added purchase with ID 7.
2023-Apr-27 00:01:52 [http-nio-8080-exec-8] INFO  c.s.m.s.s.UserServiceSecurityImpl                  - User with email isha@gmail.com is found
2023-Apr-27 00:01:52 [http-nio-8080-exec-8] INFO  c.s.m.c.PurchaseController                         - Fetching purchases for user with id: 3
2023-Apr-27 00:01:52 [http-nio-8080-exec-8] INFO  c.s.m.s.s.PurchaseServiceImpl                      - Retrieved all purchases for user with ID 3.
2023-Apr-27 00:02:12 [http-nio-8080-exec-9] INFO  c.s.m.s.s.UserServiceSecurityImpl                  - User with email isha@gmail.com is found
2023-Apr-27 00:02:12 [http-nio-8080-exec-9] INFO  c.s.m.c.RentalController                           - Fetching rentals for user with id: 1
2023-Apr-27 00:02:12 [http-nio-8080-exec-9] INFO  c.s.m.s.s.RentalServiceImpl                        - Rentals retrieved by userId: 1
2023-Apr-27 00:02:32 [http-nio-8080-exec-10] INFO  c.s.m.s.s.UserServiceSecurityImpl                  - User with email isha@gmail.com is found
2023-Apr-27 00:02:32 [http-nio-8080-exec-10] INFO  c.s.m.c.ReviewController                           - Fetching rentals for user with id: 1
2023-Apr-27 00:02:32 [http-nio-8080-exec-10] INFO  c.s.m.s.s.ReviewServiceImpl                        - Retrieved reviews by user id: 1
2023-Apr-27 00:20:23 [http-nio-8080-exec-2] WARN  c.s.m.f.JwtFilter                                  - JWT does not start with 'Bearer'
2023-Apr-27 11:01:38 [HikariPool-1 housekeeper] WARN  c.z.h.p.HikariPool                                 - HikariPool-1 - Thread starvation or clock leap detected (housekeeper delta=8h56m6s814ms162µs300ns).
2023-Apr-27 12:00:27 [HikariPool-1 housekeeper] WARN  c.z.h.p.HikariPool                                 - HikariPool-1 - Thread starvation or clock leap detected (housekeeper delta=14m18s739ms454µs100ns).
2023-Apr-27 14:14:02 [HikariPool-1 housekeeper] WARN  c.z.h.p.HikariPool                                 - HikariPool-1 - Thread starvation or clock leap detected (housekeeper delta=1h58m34s668ms246µs900ns).
2023-Apr-27 15:48:19 [HikariPool-1 housekeeper] WARN  c.z.h.p.HikariPool                                 - HikariPool-1 - Thread starvation or clock leap detected (housekeeper delta=1h2m46s556ms539µs300ns).
2023-Apr-27 17:50:17 [HikariPool-1 housekeeper] WARN  c.z.h.p.HikariPool                                 - HikariPool-1 - Thread starvation or clock leap detected (housekeeper delta=38m26s113ms752µs200ns).
2023-Apr-27 19:17:43 [HikariPool-1 housekeeper] WARN  c.z.h.p.HikariPool                                 - HikariPool-1 - Thread starvation or clock leap detected (housekeeper delta=54s949ms369µs400ns).
2023-Apr-28 10:38:47 [HikariPool-1 housekeeper] WARN  c.z.h.p.HikariPool                                 - HikariPool-1 - Thread starvation or clock leap detected (housekeeper delta=15h11m41s85ms731µs800ns).
2023-Apr-28 10:40:19 [SpringApplicationShutdownHook] INFO  o.s.o.j.LocalContainerEntityManagerFactoryBean     - Closing JPA EntityManagerFactory for persistence unit 'default'
2023-Apr-28 10:40:19 [SpringApplicationShutdownHook] INFO  c.z.h.HikariDataSource                             - HikariPool-1 - Shutdown initiated...
2023-Apr-28 10:40:19 [SpringApplicationShutdownHook] INFO  c.z.h.HikariDataSource                             - HikariPool-1 - Shutdown completed.
